app/build/intermediates/manifest_merge_blame_file/debug/manifest-merger-blame-debug-report.txt
1<?xml version="1.0" encoding="utf-8"?>
2<manifest xmlns:android="http://schemas.android.com/apk/res/android"
3    package="com.apiapplication"
4    android:versionCode="1"
5    android:versionName="1.0" >
6
7    <uses-sdk
8        android:minSdkVersion="16"
8-->src\main\AndroidManifest.xml
9        android:targetSdkVersion="30" />
9-->src\main\AndroidManifest.xml
10
11    <uses-permission android:name="android.permission.INTERNET" />
11-->src\main\AndroidManifest.xml:29:5-67
11-->src\main\AndroidManifest.xml:29:22-64
12    <uses-permission android:name="android.permission.CAMERA" /> <!-- Don't require camera, as this requires a rear camera. This allows it to work on the Nexus 7 -->
12-->[com.journeyapps:zxing-android-embedded:3.6.0] AndroidManifest.xml:22:5-65
12-->[com.journeyapps:zxing-android-embedded:3.6.0] AndroidManifest.xml:22:22-62
13    <uses-feature
13-->[com.journeyapps:zxing-android-embedded:3.6.0] AndroidManifest.xml:25:5-27:36
14        android:name="android.hardware.camera"
14-->[com.journeyapps:zxing-android-embedded:3.6.0] AndroidManifest.xml:26:9-47
15        android:required="false" />
15-->[com.journeyapps:zxing-android-embedded:3.6.0] AndroidManifest.xml:27:9-33
16    <uses-feature
16-->[com.journeyapps:zxing-android-embedded:3.6.0] AndroidManifest.xml:28:5-30:36
17        android:name="android.hardware.camera.front"
17-->[com.journeyapps:zxing-android-embedded:3.6.0] AndroidManifest.xml:29:9-53
18        android:required="false" /> <!-- TODO replace above two with next line after Android 4.2 -->
18-->[com.journeyapps:zxing-android-embedded:3.6.0] AndroidManifest.xml:30:9-33
19    <!-- <uses-feature android:name="android.hardware.camera.any"/> -->
20    <uses-feature
20-->[com.journeyapps:zxing-android-embedded:3.6.0] AndroidManifest.xml:33:5-35:36
21        android:name="android.hardware.camera.autofocus"
21-->[com.journeyapps:zxing-android-embedded:3.6.0] AndroidManifest.xml:34:9-57
22        android:required="false" />
22-->[com.journeyapps:zxing-android-embedded:3.6.0] AndroidManifest.xml:35:9-33
23    <uses-feature
23-->[com.journeyapps:zxing-android-embedded:3.6.0] AndroidManifest.xml:36:5-38:36
24        android:name="android.hardware.camera.flash"
24-->[com.journeyapps:zxing-android-embedded:3.6.0] AndroidManifest.xml:37:9-53
25        android:required="false" />
25-->[com.journeyapps:zxing-android-embedded:3.6.0] AndroidManifest.xml:38:9-33
26    <uses-feature
26-->[com.journeyapps:zxing-android-embedded:3.6.0] AndroidManifest.xml:39:5-41:36
27        android:name="android.hardware.screen.landscape"
27-->[com.journeyapps:zxing-android-embedded:3.6.0] AndroidManifest.xml:40:9-57
28        android:required="false" />
28-->[com.journeyapps:zxing-android-embedded:3.6.0] AndroidManifest.xml:41:9-33
29    <uses-feature
29-->[com.journeyapps:zxing-android-embedded:3.6.0] AndroidManifest.xml:42:5-44:36
30        android:name="android.hardware.wifi"
30-->[com.journeyapps:zxing-android-embedded:3.6.0] AndroidManifest.xml:43:9-45
31        android:required="false" />
31-->[com.journeyapps:zxing-android-embedded:3.6.0] AndroidManifest.xml:44:9-33
32
33    <application
33-->src\main\AndroidManifest.xml:5:5-27:19
34        android:allowBackup="true"
34-->src\main\AndroidManifest.xml:6:9-35
35        android:appComponentFactory="androidx.core.app.CoreComponentFactory"
35-->[androidx.core:core:1.3.1] AndroidManifest.xml:24:18-86
36        android:debuggable="true"
37        android:icon="@mipmap/ic_launcher"
37-->src\main\AndroidManifest.xml:7:9-43
38        android:label="@string/app_name"
38-->src\main\AndroidManifest.xml:8:9-41
39        android:roundIcon="@mipmap/ic_launcher_round"
39-->src\main\AndroidManifest.xml:9:9-54
40        android:supportsRtl="true"
40-->src\main\AndroidManifest.xml:10:9-35
41        android:testOnly="true"
42        android:theme="@style/AppTheme" >
42-->src\main\AndroidManifest.xml:11:9-40
43        <activity
43-->src\main\AndroidManifest.xml:12:9-15:68
44            android:name="com.apiapplication.MainActivity"
44-->src\main\AndroidManifest.xml:13:13-41
45            android:label="@string/title_activity_main"
45-->src\main\AndroidManifest.xml:14:13-56
46            android:theme="@style/AppTheme.NoActionBar" />
46-->src\main\AndroidManifest.xml:15:13-56
47        <activity android:name="com.apiapplication.DetailActivity" />
47-->src\main\AndroidManifest.xml:16:9-52
47-->src\main\AndroidManifest.xml:16:19-49
48        <activity
48-->src\main\AndroidManifest.xml:17:9-26:20
49            android:name="com.apiapplication.HomeActivity"
49-->src\main\AndroidManifest.xml:18:13-41
50            android:screenOrientation="userPortrait"
50-->src\main\AndroidManifest.xml:19:13-53
51            android:theme="@style/NoActionBar" >
51-->src\main\AndroidManifest.xml:20:13-47
52            <intent-filter>
52-->src\main\AndroidManifest.xml:21:13-25:29
53                <action android:name="android.intent.action.MAIN" />
53-->src\main\AndroidManifest.xml:22:17-69
53-->src\main\AndroidManifest.xml:22:25-66
54
55                <category android:name="android.intent.category.LAUNCHER" />
55-->src\main\AndroidManifest.xml:24:17-77
55-->src\main\AndroidManifest.xml:24:27-74
56            </intent-filter>
57        </activity>
58        <activity
58-->[com.journeyapps:zxing-android-embedded:3.6.0] AndroidManifest.xml:47:9-53:63
59            android:name="com.journeyapps.barcodescanner.CaptureActivity"
59-->[com.journeyapps:zxing-android-embedded:3.6.0] AndroidManifest.xml:48:13-74
60            android:clearTaskOnLaunch="true"
60-->[com.journeyapps:zxing-android-embedded:3.6.0] AndroidManifest.xml:49:13-45
61            android:screenOrientation="sensorLandscape"
61-->[com.journeyapps:zxing-android-embedded:3.6.0] AndroidManifest.xml:50:13-56
62            android:stateNotNeeded="true"
62-->[com.journeyapps:zxing-android-embedded:3.6.0] AndroidManifest.xml:51:13-42
63            android:theme="@style/zxing_CaptureTheme"
63-->[com.journeyapps:zxing-android-embedded:3.6.0] AndroidManifest.xml:52:13-54
64            android:windowSoftInputMode="stateAlwaysHidden" />
64-->[com.journeyapps:zxing-android-embedded:3.6.0] AndroidManifest.xml:53:13-60
65    </application>
66
67</manifest>